<?xml version="1.0" encoding="UTF-8"?>
<testsuite xmlns:xsi="http://www.w3.org/2001/XMLSchema-instance" xsi:noNamespaceSchemaLocation="https://maven.apache.org/surefire/maven-surefire-plugin/xsd/surefire-test-report-3.0.xsd" version="3.0" name="ru.yandex.workshop.service.UserServiceImplTest" time="5.001" tests="8" errors="0" skipped="0" failures="0">
  <properties>
[...]
</properties>
  <testcase name="create" classname="ru.yandex.workshop.service.UserServiceImplTest" time="0.115">
    <system-out><![CDATA[2024-11-26T00:02:12.794+03:00  INFO 18424 --- [user_service] [           main] t.c.s.AnnotationConfigContextLoaderUtils : Could not detect default configuration classes for test class [ru.yandex.workshop.service.UserServiceImplTest]: UserServiceImplTest does not declare any static, non-private, non-final, nested classes annotated with @Configuration.
2024-11-26T00:02:12.835+03:00  INFO 18424 --- [user_service] [           main] org.testcontainers.images.PullPolicy     : Image pull policy will be performed by: DefaultPullPolicy()
2024-11-26T00:02:12.838+03:00  INFO 18424 --- [user_service] [           main] o.t.utility.ImageNameSubstitutor         : Image name substitution will be performed by: DefaultImageNameSubstitutor (composite of 'ConfigurationFileImageNameSubstitutor' and 'PrefixingImageNameSubstitutor')
2024-11-26T00:02:13.153+03:00  INFO 18424 --- [user_service] [           main] o.t.d.DockerClientProviderStrategy       : Loaded org.testcontainers.dockerclient.NpipeSocketClientProviderStrategy from ~/.testcontainers.properties, will try it first
2024-11-26T00:02:13.564+03:00  INFO 18424 --- [user_service] [           main] o.t.d.DockerClientProviderStrategy       : Found Docker environment with local Npipe socket (npipe:////./pipe/docker_engine)
2024-11-26T00:02:13.566+03:00  INFO 18424 --- [user_service] [           main] org.testcontainers.DockerClientFactory   : Docker host IP address is localhost
2024-11-26T00:02:13.586+03:00  INFO 18424 --- [user_service] [           main] org.testcontainers.DockerClientFactory   : Connected to docker: 
  Server Version: 26.1.1
  API Version: 1.45
  Operating System: Docker Desktop
  Total Memory: 15923 MB
2024-11-26T00:02:13.618+03:00  INFO 18424 --- [user_service] [           main] tc.testcontainers/ryuk:0.7.0             : Creating container for image: testcontainers/ryuk:0.7.0
2024-11-26T00:02:13.779+03:00  INFO 18424 --- [user_service] [           main] o.t.utility.RegistryAuthLocator          : Credential helper/store (docker-credential-desktop) does not have credentials for https://index.docker.io/v1/
2024-11-26T00:02:13.939+03:00  INFO 18424 --- [user_service] [           main] tc.testcontainers/ryuk:0.7.0             : Container testcontainers/ryuk:0.7.0 is starting: 3276011afb2d2353ebded0354aa95af551fb4df5c53cd920ab40f21427d2c6ae
2024-11-26T00:02:14.442+03:00  INFO 18424 --- [user_service] [           main] tc.testcontainers/ryuk:0.7.0             : Container testcontainers/ryuk:0.7.0 started in PT0.8233121S
2024-11-26T00:02:14.445+03:00  INFO 18424 --- [user_service] [           main] o.t.utility.RyukResourceReaper           : Ryuk started - will monitor and terminate Testcontainers containers on JVM exit
2024-11-26T00:02:14.446+03:00  INFO 18424 --- [user_service] [           main] org.testcontainers.DockerClientFactory   : Checking the system...
2024-11-26T00:02:14.446+03:00  INFO 18424 --- [user_service] [           main] org.testcontainers.DockerClientFactory   : ?? Docker server version should be at least 1.6.0
2024-11-26T00:02:14.462+03:00  INFO 18424 --- [user_service] [           main] .b.t.c.SpringBootTestContextBootstrapper : Found @SpringBootConfiguration ru.yandex.workshop.WorkshopApplication for test class ru.yandex.workshop.service.UserServiceImplTest
2024-11-26T00:02:14.466+03:00  INFO 18424 --- [user_service] [           main] tc.postgres:15                           : Creating container for image: postgres:15
2024-11-26T00:02:14.527+03:00  INFO 18424 --- [user_service] [           main] tc.postgres:15                           : Container postgres:15 is starting: 858fc825d4342aec66226ae21d7cadb939e5c4f77a57a11c045d5b1fdd245b14
2024-11-26T00:02:16.186+03:00  INFO 18424 --- [user_service] [           main] tc.postgres:15                           : Container postgres:15 started in PT1.720081S
2024-11-26T00:02:16.187+03:00  INFO 18424 --- [user_service] [           main] tc.postgres:15                           : Container is started (JDBC URL: jdbc:postgresql://localhost:63621/test?loggerLevel=OFF)

  .   ____          _            __ _ _
 /\\ / ___'_ __ _ _(_)_ __  __ _ \ \ \ \
( ( )\___ | '_ | '_| | '_ \/ _` | \ \ \ \
 \\/  ___)| |_)| | | | | || (_| |  ) ) ) )
  '  |____| .__|_| |_|_| |_\__, | / / / /
 =========|_|==============|___/=/_/_/_/

 :: Spring Boot ::                (v3.3.5)

2024-11-26T00:02:16.216+03:00  INFO 18424 --- [user_service] [           main] r.y.w.service.UserServiceImplTest        : Starting UserServiceImplTest using Java 17.0.2 with PID 18424 (started by Ivan in C:\Users\Ivan\dev\user_service)
2024-11-26T00:02:16.216+03:00  INFO 18424 --- [user_service] [           main] r.y.w.service.UserServiceImplTest        : No active profile set, falling back to 1 default profile: "default"
2024-11-26T00:02:16.397+03:00  INFO 18424 --- [user_service] [           main] .s.d.r.c.RepositoryConfigurationDelegate : Bootstrapping Spring Data JPA repositories in DEFAULT mode.
2024-11-26T00:02:16.414+03:00  INFO 18424 --- [user_service] [           main] .s.d.r.c.RepositoryConfigurationDelegate : Finished Spring Data repository scanning in 16 ms. Found 1 JPA repository interface.
2024-11-26T00:02:16.513+03:00  INFO 18424 --- [user_service] [           main] liquibase.database                       : Set default schema name to public
2024-11-26T00:02:16.531+03:00  INFO 18424 --- [user_service] [           main] liquibase.changelog                      : Creating database history table with name: public.databasechangelog
2024-11-26T00:02:16.552+03:00  INFO 18424 --- [user_service] [           main] liquibase.changelog                      : Reading from public.databasechangelog
2024-11-26T00:02:16.594+03:00  INFO 18424 --- [user_service] [           main] liquibase.lockservice                    : Successfully acquired change log lock
2024-11-26T00:02:16.595+03:00  INFO 18424 --- [user_service] [           main] liquibase.command                        : Using deploymentId: 2568536595
2024-11-26T00:02:16.597+03:00  INFO 18424 --- [user_service] [           main] liquibase.changelog                      : Reading from public.databasechangelog
2024-11-26T00:02:16.602+03:00  INFO 18424 --- [user_service] [           main] liquibase.ui                             : Running Changeset: db/changelog/changeset/create-user-table.sql::create-tables::ism
2024-11-26T00:02:16.623+03:00  INFO 18424 --- [user_service] [           main] liquibase.changelog                      : Custom SQL executed
2024-11-26T00:02:16.626+03:00  INFO 18424 --- [user_service] [           main] liquibase.changelog                      : ChangeSet db/changelog/changeset/create-user-table.sql::create-tables::ism ran successfully in 22ms
2024-11-26T00:02:16.632+03:00  INFO 18424 --- [user_service] [           main] liquibase.ui                             : Running Changeset: db/changelog/changeset/create-new-user.sql::create-new-users::ism
2024-11-26T00:02:16.637+03:00  INFO 18424 --- [user_service] [           main] liquibase.changelog                      : Custom SQL executed
2024-11-26T00:02:16.638+03:00  INFO 18424 --- [user_service] [           main] liquibase.changelog                      : ChangeSet db/changelog/changeset/create-new-user.sql::create-new-users::ism ran successfully in 6ms
2024-11-26T00:02:16.641+03:00  INFO 18424 --- [user_service] [           main] liquibase.util                           : UPDATE SUMMARY
2024-11-26T00:02:16.642+03:00  INFO 18424 --- [user_service] [           main] liquibase.util                           : Run:                          2
2024-11-26T00:02:16.642+03:00  INFO 18424 --- [user_service] [           main] liquibase.util                           : Previously run:               0
2024-11-26T00:02:16.642+03:00  INFO 18424 --- [user_service] [           main] liquibase.util                           : Filtered out:                 0
2024-11-26T00:02:16.642+03:00  INFO 18424 --- [user_service] [           main] liquibase.util                           : -------------------------------
2024-11-26T00:02:16.642+03:00  INFO 18424 --- [user_service] [           main] liquibase.util                           : Total change sets:            2
2024-11-26T00:02:16.642+03:00  INFO 18424 --- [user_service] [           main] liquibase.util                           : Update summary generated
2024-11-26T00:02:16.646+03:00  INFO 18424 --- [user_service] [           main] liquibase.command                        : Update command completed successfully.
2024-11-26T00:02:16.646+03:00  INFO 18424 --- [user_service] [           main] liquibase.ui                             : Liquibase: Update has been successful. Rows affected: 3
2024-11-26T00:02:16.651+03:00  INFO 18424 --- [user_service] [           main] liquibase.lockservice                    : Successfully released change log lock
2024-11-26T00:02:16.652+03:00  INFO 18424 --- [user_service] [           main] liquibase.command                        : Command execution complete
2024-11-26T00:02:16.670+03:00  INFO 18424 --- [user_service] [           main] o.hibernate.jpa.internal.util.LogHelper  : HHH000204: Processing PersistenceUnitInfo [name: default]
2024-11-26T00:02:16.675+03:00  INFO 18424 --- [user_service] [           main] o.h.c.internal.RegionFactoryInitiator    : HHH000026: Second-level cache disabled
2024-11-26T00:02:16.689+03:00  INFO 18424 --- [user_service] [           main] o.s.o.j.p.SpringPersistenceUnitInfo      : No LoadTimeWeaver setup: ignoring JPA class transformer
2024-11-26T00:02:16.690+03:00  INFO 18424 --- [user_service] [           main] com.zaxxer.hikari.HikariDataSource       : HikariPool-2 - Starting...
2024-11-26T00:02:16.702+03:00  INFO 18424 --- [user_service] [           main] com.zaxxer.hikari.pool.HikariPool        : HikariPool-2 - Added connection org.postgresql.jdbc.PgConnection@2d3650fe
2024-11-26T00:02:16.703+03:00  INFO 18424 --- [user_service] [           main] com.zaxxer.hikari.HikariDataSource       : HikariPool-2 - Start completed.
2024-11-26T00:02:16.707+03:00  WARN 18424 --- [user_service] [           main] org.hibernate.orm.deprecation            : HHH90000025: PostgreSQLDialect does not need to be specified explicitly using 'hibernate.dialect' (remove the property setting and it will be selected by default)
2024-11-26T00:02:16.744+03:00  INFO 18424 --- [user_service] [           main] o.h.e.t.j.p.i.JtaPlatformInitiator       : HHH000489: No JTA platform available (set 'hibernate.transaction.jta.platform' to enable JTA platform integration)
2024-11-26T00:02:16.744+03:00  INFO 18424 --- [user_service] [           main] j.LocalContainerEntityManagerFactoryBean : Initialized JPA EntityManagerFactory for persistence unit 'default'
2024-11-26T00:02:16.796+03:00  WARN 18424 --- [user_service] [           main] JpaBaseConfiguration$JpaWebConfiguration : spring.jpa.open-in-view is enabled by default. Therefore, database queries may be performed during view rendering. Explicitly configure spring.jpa.open-in-view to disable this warning
2024-11-26T00:02:16.901+03:00  INFO 18424 --- [user_service] [           main] r.y.w.service.UserServiceImplTest        : Started UserServiceImplTest in 0.71 seconds (process running for 13.533)
]]></system-out>
  </testcase>
  <testcase name="create_bad" classname="ru.yandex.workshop.service.UserServiceImplTest" time="0.02">
    <system-out><![CDATA[2024-11-26T00:02:17.025+03:00  WARN 18424 --- [user_service] [           main] o.h.engine.jdbc.spi.SqlExceptionHelper   : SQL Error: 0, SQLState: 23505
2024-11-26T00:02:17.025+03:00 ERROR 18424 --- [user_service] [           main] o.h.engine.jdbc.spi.SqlExceptionHelper   : ERROR: duplicate key value violates unique constraint "users_name_key"
  Подробности: Key (name)=(Ivan1) already exists.
]]></system-out>
  </testcase>
  <testcase name="patch" classname="ru.yandex.workshop.service.UserServiceImplTest" time="0.072"/>
  <testcase name="patch_badPassword" classname="ru.yandex.workshop.service.UserServiceImplTest" time="0.009"/>
  <testcase name="getUserById" classname="ru.yandex.workshop.service.UserServiceImplTest" time="0.008"/>
  <testcase name="getUserById_otherId" classname="ru.yandex.workshop.service.UserServiceImplTest" time="0.011"/>
  <testcase name="getAllUser" classname="ru.yandex.workshop.service.UserServiceImplTest" time="0.153"/>
  <testcase name="deleteUser" classname="ru.yandex.workshop.service.UserServiceImplTest" time="0.019"/>
</testsuite>