<?xml version="1.0" encoding="UTF-8"?>
<testsuite xmlns:xsi="http://www.w3.org/2001/XMLSchema-instance" xsi:noNamespaceSchemaLocation="https://maven.apache.org/surefire/maven-surefire-plugin/xsd/surefire-test-report-3.0.xsd" version="3.0" name="ru.yandex.workshop.controller.UserControllerTest" time="4.443" tests="3" errors="0" skipped="0" failures="0">
  <properties>
[...]
</properties>
  <testcase name="getUser_goodResult" classname="ru.yandex.workshop.controller.UserControllerTest" time="0.298">
    <system-out><![CDATA[00:02:04.479 [main] INFO org.springframework.test.context.support.AnnotationConfigContextLoaderUtils -- Could not detect default configuration classes for test class [ru.yandex.workshop.controller.UserControllerTest]: UserControllerTest does not declare any static, non-private, non-final, nested classes annotated with @Configuration.
00:02:04.785 [main] INFO org.springframework.boot.test.context.SpringBootTestContextBootstrapper -- Found @SpringBootConfiguration ru.yandex.workshop.WorkshopApplication for test class ru.yandex.workshop.controller.UserControllerTest

  .   ____          _            __ _ _
 /\\ / ___'_ __ _ _(_)_ __  __ _ \ \ \ \
( ( )\___ | '_ | '_| | '_ \/ _` | \ \ \ \
 \\/  ___)| |_)| | | | | || (_| |  ) ) ) )
  '  |____| .__|_| |_|_| |_\__, | / / / /
 =========|_|==============|___/=/_/_/_/

 :: Spring Boot ::                (v3.3.5)

2024-11-26T00:02:05.513+03:00  INFO 18424 --- [user_service] [           main] r.y.w.controller.UserControllerTest      : Starting UserControllerTest using Java 17.0.2 with PID 18424 (started by Ivan in C:\Users\Ivan\dev\user_service)
2024-11-26T00:02:05.515+03:00  INFO 18424 --- [user_service] [           main] r.y.w.controller.UserControllerTest      : No active profile set, falling back to 1 default profile: "default"
2024-11-26T00:02:08.209+03:00  INFO 18424 --- [user_service] [           main] o.s.b.t.m.w.SpringBootMockServletContext : Initializing Spring TestDispatcherServlet ''
2024-11-26T00:02:08.210+03:00  INFO 18424 --- [user_service] [           main] o.s.t.web.servlet.TestDispatcherServlet  : Initializing Servlet ''
2024-11-26T00:02:08.212+03:00  INFO 18424 --- [user_service] [           main] o.s.t.web.servlet.TestDispatcherServlet  : Completed initialization in 1 ms
2024-11-26T00:02:08.242+03:00  INFO 18424 --- [user_service] [           main] r.y.w.controller.UserControllerTest      : Started UserControllerTest in 3.34 seconds (process running for 4.875)
2024-11-26T00:02:08.430+03:00  INFO 18424 --- [user_service] [           main] r.y.workshop.controller.UserController   : Получены данные о пользователе с id 1
]]></system-out>
  </testcase>
  <testcase name="patchUser_goodResult" classname="ru.yandex.workshop.controller.UserControllerTest" time="0.079">
    <system-out><![CDATA[2024-11-26T00:02:08.630+03:00  INFO 18424 --- [user_service] [           main] r.y.workshop.controller.UserController   : Данные пользователя с Id 1 обновлены
]]></system-out>
  </testcase>
  <testcase name="createUser_goodResult" classname="ru.yandex.workshop.controller.UserControllerTest" time="0.023">
    <system-out><![CDATA[2024-11-26T00:02:08.646+03:00  INFO 18424 --- [user_service] [           main] r.y.workshop.controller.UserController   : Создан пользователь и Id= 1
]]></system-out>
  </testcase>
</testsuite>